{"name":"(Pantheon|Edit App) Edit app with empty required fields negative","id":"stories/pantheon/UserApps.story;(Pantheon|Edit App) Edit app with empty required fields negative","testSteps":[{"number":1,"description":"(Pantheon|Edit App) Edit app with empty required fields negative #1: {appFormField\u003dApplication name, formError\u003dApplication name field is required.}","duration":22966,"startTime":1492206968624,"precondition":false,"children":[{"number":2,"description":"Given open Home page","duration":6650,"startTime":1492206968624,"result":"SUCCESS","precondition":false,"children":[{"number":3,"description":"Open page","duration":6642,"startTime":1492206968631,"result":"SUCCESS","precondition":false}]},{"number":4,"description":"And navigate to Pantheon LogIn page from Home page","duration":1025,"startTime":1492206975274,"result":"SUCCESS","precondition":false,"children":[{"number":5,"description":"Click log in","duration":870,"startTime":1492206975275,"result":"SUCCESS","precondition":false},{"number":6,"description":"Is page opened","duration":153,"startTime":1492206976146,"result":"SUCCESS","precondition":false}]},{"number":7,"description":"And navigate to Pantheon User Account page from LogIn page","duration":4243,"startTime":1492206976299,"result":"SUCCESS","precondition":false,"children":[{"number":8,"description":"Log in to app: TestUser, 1234567","duration":4238,"startTime":1492206976303,"result":"SUCCESS","precondition":false}]},{"number":9,"description":"Given open my Apps page","duration":11035,"startTime":1492206980542,"exception":{"errorType":"org.openqa.selenium.NoSuchElementException","message":"Timed out after 5 seconds. Element not found\nFor documentation on this error, please visit: http://seleniumhq.org/exceptions/no_such_element.html\nBuild info: version: \u00272.53.1\u0027, revision: \u0027a36b8b1cd5757287168e54b817830adce9b0158d\u0027, time: \u00272016-06-30 19:26:09\u0027\nSystem info: host: \u0027testing-docker-0d896830-f542-4e7b-a4e1-aa8f64e8ed86\u0027, ip: \u0027172.17.0.12\u0027, os.name: \u0027Linux\u0027, os.arch: \u0027amd64\u0027, os.version: \u00274.8.12-040812-generic\u0027, java.version: \u00271.8.0_31\u0027\nDriver info: driver.version: unknown","stackTrace":[{"declaringClass":"com.tkmdpa.taf.pages.pantheon.AddNewAppPage","methodName":"clickOnApp","fileName":"AddNewAppPage.java","lineNumber":49},{"declaringClass":"com.tkmdpa.taf.steps.pantheon.UserAppsSteps","methodName":"openMyAppsPage","fileName":"UserAppsSteps.java","lineNumber":31},{"declaringClass":"com.tkmdpa.taf.definitions.pantheon.UserAppsDefinition","methodName":"navigateToMyAppsPage","fileName":"UserAppsDefinition.java","lineNumber":26}]},"result":"ERROR","precondition":false,"children":[{"number":10,"description":"Open my apps page","duration":11023,"startTime":1492206980546,"screenshots":[{"screenshot":"54c2204884c84937e52449a81f37ff84.png","htmlSource":"pagesource3948582336832698170.html.txt"}],"exception":{"errorType":"org.openqa.selenium.NoSuchElementException","message":"Timed out after 5 seconds. Element not found\nFor documentation on this error, please visit: http://seleniumhq.org/exceptions/no_such_element.html\nBuild info: version: \u00272.53.1\u0027, revision: \u0027a36b8b1cd5757287168e54b817830adce9b0158d\u0027, time: \u00272016-06-30 19:26:09\u0027\nSystem info: host: \u0027testing-docker-0d896830-f542-4e7b-a4e1-aa8f64e8ed86\u0027, ip: \u0027172.17.0.12\u0027, os.name: \u0027Linux\u0027, os.arch: \u0027amd64\u0027, os.version: \u00274.8.12-040812-generic\u0027, java.version: \u00271.8.0_31\u0027\nDriver info: driver.version: unknown","stackTrace":[{"declaringClass":"com.tkmdpa.taf.pages.pantheon.AddNewAppPage","methodName":"clickOnApp","fileName":"AddNewAppPage.java","lineNumber":49},{"declaringClass":"com.tkmdpa.taf.steps.pantheon.UserAppsSteps","methodName":"openMyAppsPage","fileName":"UserAppsSteps.java","lineNumber":31},{"declaringClass":"com.tkmdpa.taf.definitions.pantheon.UserAppsDefinition","methodName":"navigateToMyAppsPage","fileName":"UserAppsDefinition.java","lineNumber":26}]},"result":"ERROR","precondition":false}]},{"number":11,"description":"And open Edit App Page for the first application","duration":8,"startTime":1492206991579,"result":"SKIPPED","precondition":false},{"number":12,"description":"When clear field {Application name} on Edit App Page","duration":0,"startTime":1492206991588,"result":"SKIPPED","precondition":false},{"number":13,"description":"And save changes on Edit App Page","duration":0,"startTime":1492206991589,"result":"SKIPPED","precondition":false},{"number":14,"description":"Then the message {Application name field is required.} is displayed","duration":0,"startTime":1492206991589,"result":"SKIPPED","precondition":false}]},{"number":15,"description":"(Pantheon|Edit App) Edit app with empty required fields negative #2: {appFormField\u003dRedirect URI, formError\u003dCallback URL is required for Oauth Product}","duration":18684,"startTime":1492206991659,"precondition":false,"children":[{"number":16,"description":"Given open Home page","duration":4633,"startTime":1492206991659,"result":"SUCCESS","precondition":false,"children":[{"number":17,"description":"Open page","duration":4629,"startTime":1492206991662,"result":"SUCCESS","precondition":false}]},{"number":18,"description":"And navigate to Pantheon LogIn page from Home page","duration":1078,"startTime":1492206996292,"result":"SUCCESS","precondition":false,"children":[{"number":19,"description":"Click log in","duration":834,"startTime":1492206996293,"result":"SUCCESS","precondition":false},{"number":20,"description":"Is page opened","duration":242,"startTime":1492206997127,"result":"SUCCESS","precondition":false}]},{"number":21,"description":"And navigate to Pantheon User Account page from LogIn page","duration":4859,"startTime":1492206997370,"result":"SUCCESS","precondition":false,"children":[{"number":22,"description":"Log in to app: TestUser, 1234567","duration":4858,"startTime":1492206997371,"result":"SUCCESS","precondition":false}]},{"number":23,"description":"Given open my Apps page","duration":203,"startTime":1492207002229,"result":"SUCCESS","precondition":false,"children":[{"number":24,"description":"Open my apps page","duration":201,"startTime":1492207002230,"result":"SUCCESS","precondition":false}]},{"number":25,"description":"And open Edit App Page for the first application","duration":262,"startTime":1492207002432,"result":"SUCCESS","precondition":false,"children":[{"number":26,"description":"Edit app","duration":261,"startTime":1492207002433,"result":"SUCCESS","precondition":false}]},{"number":27,"description":"When clear field {Redirect URI} on Edit App Page","duration":3369,"startTime":1492207002694,"result":"SUCCESS","precondition":false,"children":[{"number":28,"description":"Clear field: Redirect URI","duration":3366,"startTime":1492207002696,"result":"SUCCESS","precondition":false}]},{"number":29,"description":"And save changes on Edit App Page","duration":3681,"startTime":1492207006063,"result":"SUCCESS","precondition":false,"children":[{"number":30,"description":"Apply changes","duration":3679,"startTime":1492207006064,"result":"SUCCESS","precondition":false}]},{"number":31,"description":"Then the message {Callback URL is required for Oauth Product} is displayed","duration":599,"startTime":1492207009744,"result":"SUCCESS","precondition":false,"children":[{"number":32,"description":"Check if message is displayed: Callback URL is required for Oauth Product","duration":596,"startTime":1492207009747,"result":"SUCCESS","precondition":false}]}]}],"userStory":{"id":"UserApps","storyName":"User apps","path":"stories/pantheon/UserApps.story","narrative":"In order to manage my Apps\nAs a user of Ticket Master Developer portal\nI want to perform CRUD operations with my apps","type":"story"},"featureTag":{"name":"Pantheon/User apps","type":"story"},"title":"(Pantheon|Edit App) Edit app with empty required fields negative","tags":[{"name":"Pantheon/","type":"story"},{"name":"Pantheon","type":"feature"}],"startTime":1492206968622,"duration":41797,"testFailureCause":{"errorType":"org.openqa.selenium.NoSuchElementException","message":"Timed out after 5 seconds. Element not found\nFor documentation on this error, please visit: http://seleniumhq.org/exceptions/no_such_element.html\nBuild info: version: \u00272.53.1\u0027, revision: \u0027a36b8b1cd5757287168e54b817830adce9b0158d\u0027, time: \u00272016-06-30 19:26:09\u0027\nSystem info: host: \u0027testing-docker-0d896830-f542-4e7b-a4e1-aa8f64e8ed86\u0027, ip: \u0027172.17.0.12\u0027, os.name: \u0027Linux\u0027, os.arch: \u0027amd64\u0027, os.version: \u00274.8.12-040812-generic\u0027, java.version: \u00271.8.0_31\u0027\nDriver info: driver.version: unknown","stackTrace":[{"declaringClass":"com.tkmdpa.taf.pages.pantheon.AddNewAppPage","methodName":"clickOnApp","fileName":"AddNewAppPage.java","lineNumber":49},{"declaringClass":"com.tkmdpa.taf.steps.pantheon.UserAppsSteps","methodName":"openMyAppsPage","fileName":"UserAppsSteps.java","lineNumber":31},{"declaringClass":"com.tkmdpa.taf.definitions.pantheon.UserAppsDefinition","methodName":"navigateToMyAppsPage","fileName":"UserAppsDefinition.java","lineNumber":26}]},"testFailureClassname":"java.lang.AssertionError","testFailureMessage":"Timed out after 5 seconds. Element not found\nFor documentation on this error, please visit: http://seleniumhq.org/exceptions/no_such_element.html\nBuild info: version: \u00272.53.1\u0027, revision: \u0027a36b8b1cd5757287168e54b817830adce9b0158d\u0027, time: \u00272016-06-30 19:26:09\u0027\nSystem info: host: \u0027testing-docker-0d896830-f542-4e7b-a4e1-aa8f64e8ed86\u0027, ip: \u0027172.17.0.12\u0027, os.name: \u0027Linux\u0027, os.arch: \u0027amd64\u0027, os.version: \u00274.8.12-040812-generic\u0027, java.version: \u00271.8.0_31\u0027\nDriver info: driver.version: unknown\nTimed out after 5 seconds. Element not found\nFor documentation on this error, please visit: http://seleniumhq.org/exceptions/no_such_element.html\nBuild info: version: \u00272.53.1\u0027, revision: \u0027a36b8b1cd5757287168e54b817830adce9b0158d\u0027, time: \u00272016-06-30 19:26:09\u0027\nSystem info: host: \u0027testing-docker-0d896830-f542-4e7b-a4e1-aa8f64e8ed86\u0027, ip: \u0027172.17.0.12\u0027, os.name: \u0027Linux\u0027, os.arch: \u0027amd64\u0027, os.version: \u00274.8.12-040812-generic\u0027, java.version: \u00271.8.0_31\u0027\nDriver info: driver.version: unknown","testFailureSummary":"ERROR;org.openqa.selenium.NoSuchElementException;Timed out after 5 seconds. Element not found\nFor documentation on this error, please visit: http://seleniumhq.org/exceptions/no_such_element.html\nBuild info: version: \u00272.53.1\u0027, revision: \u0027a36b8b1cd5757287168e54b817830adce9b0158d\u0027, time: \u00272016-06-30 19:26:09\u0027\nSystem info: host: \u0027testing-docker-0d896830-f542-4e7b-a4e1-aa8f64e8ed86\u0027, ip: \u0027172.17.0.12\u0027, os.name: \u0027Linux\u0027, os.arch: \u0027amd64\u0027, os.version: \u00274.8.12-040812-generic\u0027, java.version: \u00271.8.0_31\u0027\nDriver info: driver.version: unknown;AddNewAppPage.java:49","projectKey":"","dataTable":{"headers":["appFormField","formError"],"rows":[{"values":["Application name","Application name field is required."],"result":"ERROR"},{"values":["Redirect URI","Callback URL is required for Oauth Product"],"result":"SUCCESS"}],"predefinedRows":true,"dataSetDescriptors":[{"startRow":0,"rowCount":0}]},"manual":false,"testSource":"JBehave","result":"FAILURE"}